<?xml version="1.0" encoding="UTF-8"?>
<testng-results skipped="0" failed="0" ignored="0" total="4" passed="4">
  <reporter-output>
  </reporter-output>
  <suite name="Default suite" duration-ms="91705" started-at="2019-11-20T19:16:09 EST" finished-at="2019-11-20T19:17:41 EST">
    <groups>
    </groups>
    <test name="Default test" duration-ms="91705" started-at="2019-11-20T19:16:09 EST" finished-at="2019-11-20T19:17:41 EST">
      <class name="com.guru99.Day1.Day1">
        <test-method status="PASS" signature="tearup()[pri:0, instance:com.guru99.Day1.Day1@5d76b067]" name="tearup" is-config="true" duration-ms="11269" started-at="2019-11-20T19:16:10 EST" finished-at="2019-11-20T19:16:21 EST">
          <reporter-output>
          </reporter-output>
        </test-method> <!-- tearup -->
        <test-method status="PASS" signature="login(java.lang.String, java.lang.String)[pri:0, instance:com.guru99.Day1.Day1@5d76b067]" name="login" duration-ms="11070" started-at="2019-11-20T19:16:21 EST" data-provider="getdata" finished-at="2019-11-20T19:16:32 EST">
          <params>
            <param index="0">
              <value>
                <![CDATA[mngr1336]]>
              </value>
            </param>
            <param index="1">
              <value>
                <![CDATA[dAnavUq]]>
              </value>
            </param>
          </params>
          <reporter-output>
          </reporter-output>
        </test-method> <!-- login -->
        <test-method status="PASS" signature="teardown()[pri:0, instance:com.guru99.Day1.Day1@5d76b067]" name="teardown" is-config="true" duration-ms="727" started-at="2019-11-20T19:16:32 EST" finished-at="2019-11-20T19:16:33 EST">
          <reporter-output>
          </reporter-output>
        </test-method> <!-- teardown -->
        <test-method status="PASS" signature="tearup()[pri:0, instance:com.guru99.Day1.Day1@5d76b067]" name="tearup" is-config="true" duration-ms="9064" started-at="2019-11-20T19:16:33 EST" finished-at="2019-11-20T19:16:42 EST">
          <reporter-output>
          </reporter-output>
        </test-method> <!-- tearup -->
        <test-method status="PASS" signature="login(java.lang.String, java.lang.String)[pri:0, instance:com.guru99.Day1.Day1@5d76b067]" name="login" duration-ms="11386" started-at="2019-11-20T19:16:42 EST" data-provider="getdata" finished-at="2019-11-20T19:16:53 EST">
          <params>
            <param index="0">
              <value>
                <![CDATA[invalid]]>
              </value>
            </param>
            <param index="1">
              <value>
                <![CDATA[valid]]>
              </value>
            </param>
          </params>
          <reporter-output>
          </reporter-output>
        </test-method> <!-- login -->
        <test-method status="PASS" signature="teardown()[pri:0, instance:com.guru99.Day1.Day1@5d76b067]" name="teardown" is-config="true" duration-ms="730" started-at="2019-11-20T19:16:53 EST" finished-at="2019-11-20T19:16:54 EST">
          <reporter-output>
          </reporter-output>
        </test-method> <!-- teardown -->
        <test-method status="PASS" signature="tearup()[pri:0, instance:com.guru99.Day1.Day1@5d76b067]" name="tearup" is-config="true" duration-ms="10189" started-at="2019-11-20T19:16:54 EST" finished-at="2019-11-20T19:17:04 EST">
          <reporter-output>
          </reporter-output>
        </test-method> <!-- tearup -->
        <test-method status="PASS" signature="login(java.lang.String, java.lang.String)[pri:0, instance:com.guru99.Day1.Day1@5d76b067]" name="login" duration-ms="11261" started-at="2019-11-20T19:17:04 EST" data-provider="getdata" finished-at="2019-11-20T19:17:15 EST">
          <params>
            <param index="0">
              <value>
                <![CDATA[valid]]>
              </value>
            </param>
            <param index="1">
              <value>
                <![CDATA[invalid]]>
              </value>
            </param>
          </params>
          <reporter-output>
          </reporter-output>
        </test-method> <!-- login -->
        <test-method status="PASS" signature="teardown()[pri:0, instance:com.guru99.Day1.Day1@5d76b067]" name="teardown" is-config="true" duration-ms="745" started-at="2019-11-20T19:17:15 EST" finished-at="2019-11-20T19:17:16 EST">
          <reporter-output>
          </reporter-output>
        </test-method> <!-- teardown -->
        <test-method status="PASS" signature="tearup()[pri:0, instance:com.guru99.Day1.Day1@5d76b067]" name="tearup" is-config="true" duration-ms="10150" started-at="2019-11-20T19:17:16 EST" finished-at="2019-11-20T19:17:26 EST">
          <reporter-output>
          </reporter-output>
        </test-method> <!-- tearup -->
        <test-method status="PASS" signature="login(java.lang.String, java.lang.String)[pri:0, instance:com.guru99.Day1.Day1@5d76b067]" name="login" duration-ms="13678" started-at="2019-11-20T19:17:26 EST" data-provider="getdata" finished-at="2019-11-20T19:17:40 EST">
          <params>
            <param index="0">
              <value>
                <![CDATA[invalid]]>
              </value>
            </param>
            <param index="1">
              <value>
                <![CDATA[invalid]]>
              </value>
            </param>
          </params>
          <reporter-output>
          </reporter-output>
        </test-method> <!-- login -->
        <test-method status="PASS" signature="teardown()[pri:0, instance:com.guru99.Day1.Day1@5d76b067]" name="teardown" is-config="true" duration-ms="1125" started-at="2019-11-20T19:17:40 EST" finished-at="2019-11-20T19:17:41 EST">
          <reporter-output>
          </reporter-output>
        </test-method> <!-- teardown -->
      </class> <!-- com.guru99.Day1.Day1 -->
    </test> <!-- Default test -->
  </suite> <!-- Default suite -->
</testng-results>
