<?xml version="1.0" encoding="UTF-8"?>
<!-- Generated by org.testng.reporters.JUnitXMLReporter -->
<testsuite hostname="DESKTOP-PSPSVDJ" ignored="0" name="Default test" tests="4" failures="0" timestamp="2019-11-20T19:17:41 EST" time="91.705" errors="0">
  <testcase name="login" time="11.07" classname="com.guru99.Day1.Day1"/>
  <testcase name="login" time="11.386" classname="com.guru99.Day1.Day1"/>
  <testcase name="login" time="11.261" classname="com.guru99.Day1.Day1"/>
  <testcase name="login" time="13.678" classname="com.guru99.Day1.Day1"/>
</testsuite> <!-- Default test -->
