<?xml version="1.0" encoding="UTF-8"?>
<!-- Generated by org.testng.reporters.JUnitXMLReporter -->
<testsuite hostname="DESKTOP-PSPSVDJ" ignored="0" name="Default test" tests="4" failures="0" timestamp="2019-12-02T07:15:28 EST" time="50.22" errors="0">
  <testcase name="login" time="1.863" classname="com.guru99.Day1.Day1"/>
  <testcase name="login" time="0.548" classname="com.guru99.Day1.Day1"/>
  <testcase name="login" time="0.57" classname="com.guru99.Day1.Day1"/>
  <testcase name="login" time="0.522" classname="com.guru99.Day1.Day1"/>
</testsuite> <!-- Default test -->
